<?xml version="1.0" encoding="UTF-8" ?>
<testsuite tests="23" failures="0" name="step_definitions.RunCukesTest" time="9.446" errors="0" skipped="0">
  <properties>
    <property name="idea.version" value="2022.3.1"/>
    <property name="java.runtime.name" value="Java(TM) SE Runtime Environment"/>
    <property name="sun.boot.library.path" value="C:\Program Files\Java\jdk1.8.0_351\jre\bin"/>
    <property name="java.vm.version" value="25.351-b10"/>
    <property name="java.vm.vendor" value="Oracle Corporation"/>
    <property name="maven.multiModuleProjectDirectory" value="C:\Users\Angga Nurhiman\IdeaProjects\sauceDemo"/>
    <property name="java.vendor.url" value="http://java.oracle.com/"/>
    <property name="path.separator" value=";"/>
    <property name="guice.disable.misplaced.annotation.check" value="true"/>
    <property name="java.vm.name" value="Java HotSpot(TM) 64-Bit Server VM"/>
    <property name="file.encoding.pkg" value="sun.io"/>
    <property name="user.script" value=""/>
    <property name="user.country" value="ID"/>
    <property name="sun.java.launcher" value="SUN_STANDARD"/>
    <property name="sun.os.patch.level" value=""/>
    <property name="java.vm.specification.name" value="Java Virtual Machine Specification"/>
    <property name="user.dir" value="C:\Users\Angga Nurhiman\IdeaProjects\sauceDemo"/>
    <property name="java.runtime.version" value="1.8.0_351-b10"/>
    <property name="java.awt.graphicsenv" value="sun.awt.Win32GraphicsEnvironment"/>
    <property name="java.endorsed.dirs" value="C:\Program Files\Java\jdk1.8.0_351\jre\lib\endorsed"/>
    <property name="os.arch" value="amd64"/>
    <property name="java.io.tmpdir" value="C:\Users\ANGGAN~1\AppData\Local\Temp\"/>
    <property name="line.separator" value="
"/>
    <property name="java.vm.specification.vendor" value="Oracle Corporation"/>
    <property name="user.variant" value=""/>
    <property name="os.name" value="Windows 10"/>
    <property name="maven.ext.class.path" value="C:\Program Files\JetBrains\IntelliJ IDEA Community Edition 2022.3.1\plugins\maven\lib\maven-event-listener.jar"/>
    <property name="classworlds.conf" value="C:\Program Files\JetBrains\IntelliJ IDEA Community Edition 2022.3.1\plugins\maven\lib\maven3\bin\m2.conf"/>
    <property name="sun.jnu.encoding" value="Cp1252"/>
    <property name="java.library.path" value="C:\Program Files\Java\jdk1.8.0_351\bin;C:\WINDOWS\Sun\Java\bin;C:\WINDOWS\system32;C:\WINDOWS;C:\Program Files (x86)\Common Files\Oracle\Java\javapath;C:\WINDOWS\system32;C:\WINDOWS;C:\WINDOWS\System32\Wbem;C:\WINDOWS\System32\WindowsPowerShell\v1.0\;C:\WINDOWS\System32\OpenSSH\;C:\Program Files\Java\jdk1.8.0_271\bin;&quot;C:\Program Files\Git\bin;C:\Program Files\Git\cmd&quot;;C:\Go\bin;C:\Program Files (x86)\Yarn\bin\;D:\Projects\xampp\php\;C:\composer;C:\apache-maven-3.6.3\bin;C:\Program Files\nodejs\;C:\Users\Angga Nurhiman\flutter\bin;C:\Users\Angga Nurhiman\AppData\Local\GitHubDesktop\bin;C:\Users\Angga Nurhiman\AppData\Local\Microsoft\WindowsApps;C:\Program Files\Java\jdk1.8.0_271\bin;C:\Users\Angga Nurhiman\go\bin;C:\Users\Angga Nurhiman\AppData\Local\Yarn\bin;C:\Users\Angga Nurhiman\AppData\Roaming\Composer\vendor\bin;C:\Users\Angga Nurhiman\AppData\Local\Programs\Microsoft VS Code\bin;C:\Users\Angga Nurhiman\AppData\Local\Programs\Microsoft VS Code Insiders\bin;C:\Users\Angga Nurhiman\AppData\Roaming\npm;."/>
    <property name="jansi.passthrough" value="true"/>
    <property name="maven.conf" value="C:\Program Files\JetBrains\IntelliJ IDEA Community Edition 2022.3.1\plugins\maven\lib\maven3/conf"/>
    <property name="java.specification.name" value="Java Platform API Specification"/>
    <property name="java.class.version" value="52.0"/>
    <property name="sun.management.compiler" value="HotSpot 64-Bit Tiered Compilers"/>
    <property name="os.version" value="10.0"/>
    <property name="user.home" value="C:\Users\Angga Nurhiman"/>
    <property name="user.timezone" value="Asia/Bangkok"/>
    <property name="java.awt.printerjob" value="sun.awt.windows.WPrinterJob"/>
    <property name="java.specification.version" value="1.8"/>
    <property name="file.encoding" value="UTF-8"/>
    <property name="user.name" value="Angga Nurhiman"/>
    <property name="java.class.path" value="C:\Program Files\JetBrains\IntelliJ IDEA Community Edition 2022.3.1\plugins\maven\lib\maven3\boot\plexus-classworlds-2.6.0.jar;C:\Program Files\JetBrains\IntelliJ IDEA Community Edition 2022.3.1\plugins\maven\lib\maven3\boot\plexus-classworlds.license;C:\Program Files\JetBrains\IntelliJ IDEA Community Edition 2022.3.1\lib\idea_rt.jar"/>
    <property name="java.vm.specification.version" value="1.8"/>
    <property name="sun.arch.data.model" value="64"/>
    <property name="java.home" value="C:\Program Files\Java\jdk1.8.0_351\jre"/>
    <property name="sun.java.command" value="org.codehaus.classworlds.Launcher -Didea.version=2022.3.1 test"/>
    <property name="java.specification.vendor" value="Oracle Corporation"/>
    <property name="user.language" value="en"/>
    <property name="awt.toolkit" value="sun.awt.windows.WToolkit"/>
    <property name="java.vm.info" value="mixed mode"/>
    <property name="java.version" value="1.8.0_351"/>
    <property name="java.ext.dirs" value="C:\Program Files\Java\jdk1.8.0_351\jre\lib\ext;C:\WINDOWS\Sun\Java\lib\ext"/>
    <property name="sun.boot.class.path" value="C:\Program Files\Java\jdk1.8.0_351\jre\lib\resources.jar;C:\Program Files\Java\jdk1.8.0_351\jre\lib\rt.jar;C:\Program Files\Java\jdk1.8.0_351\jre\lib\jsse.jar;C:\Program Files\Java\jdk1.8.0_351\jre\lib\jce.jar;C:\Program Files\Java\jdk1.8.0_351\jre\lib\charsets.jar;C:\Program Files\Java\jdk1.8.0_351\jre\lib\jfr.jar;C:\Program Files\Java\jdk1.8.0_351\jre\classes"/>
    <property name="java.vendor" value="Oracle Corporation"/>
    <property name="java.specification.maintenance.version" value="4"/>
    <property name="maven.home" value="C:\Program Files\JetBrains\IntelliJ IDEA Community Edition 2022.3.1\plugins\maven\lib\maven3"/>
    <property name="file.separator" value="\"/>
    <property name="java.vendor.url.bug" value="http://bugreport.sun.com/bugreport/"/>
    <property name="sun.cpu.endian" value="little"/>
    <property name="sun.io.unicode.encoding" value="UnicodeLittle"/>
    <property name="sun.desktop" value="windows"/>
    <property name="sun.cpu.isalist" value="amd64"/>
  </properties>
  <testcase classname="Scenario: Normal login" name="Given user open the website sauce demo" time="0.008"/>
  <testcase classname="Scenario: Normal login" name="When user input &quot;standard_user&quot; as userName and input &quot;secret_sauce&quot; as password" time="0.003"/>
  <testcase classname="Scenario: Normal login" name="Scenario: Normal login" time="3.801"/>
  <testcase classname="| alifa | 2345 | Epic sadface: Username and password do not match any user in this service |" name="Given user open the website sauce demo" time="0"/>
  <testcase classname="| alifa | 2345 | Epic sadface: Username and password do not match any user in this service |" name="When user input &quot;alifa&quot; as userName and input &quot;2345&quot; as password" time="0"/>
  <testcase classname="| alifa | 2345 | Epic sadface: Username and password do not match any user in this service |" name="Then user will get &quot;Epic sadface: Username and password do not match any user in this service&quot; as errorText" time="0"/>
  <testcase classname="| alifa | 2345 | Epic sadface: Username and password do not match any user in this service |" name="| alifa | 2345 | Epic sadface: Username and password do not match any user in this service |" time="1.296"/>
  <testcase classname="|  | 2345 | Epic sadface: Username is required |" name="Given user open the website sauce demo" time="0"/>
  <testcase classname="|  | 2345 | Epic sadface: Username is required |" name="When user input &quot;&quot; as userName and input &quot;2345&quot; as password" time="0"/>
  <testcase classname="|  | 2345 | Epic sadface: Username is required |" name="Then user will get &quot;Epic sadface: Username is required&quot; as errorText" time="0"/>
  <testcase classname="|  | 2345 | Epic sadface: Username is required |" name="|  | 2345 | Epic sadface: Username is required |" time="1.161"/>
  <testcase classname="| alifa |  | Epic sadface: Password is required |" name="Given user open the website sauce demo" time="0"/>
  <testcase classname="| alifa |  | Epic sadface: Password is required |" name="When user input &quot;alifa&quot; as userName and input &quot;&quot; as password" time="0.001"/>
  <testcase classname="| alifa |  | Epic sadface: Password is required |" name="Then user will get &quot;Epic sadface: Password is required&quot; as errorText" time="0"/>
  <testcase classname="| alifa |  | Epic sadface: Password is required |" name="| alifa |  | Epic sadface: Password is required |" time="1.081"/>
  <testcase classname="|  |  | Epic sadface: Username is required |" name="Given user open the website sauce demo" time="0"/>
  <testcase classname="|  |  | Epic sadface: Username is required |" name="When user input &quot;&quot; as userName and input &quot;&quot; as password" time="0"/>
  <testcase classname="|  |  | Epic sadface: Username is required |" name="Then user will get &quot;Epic sadface: Username is required&quot; as errorText" time="0"/>
  <testcase classname="|  |  | Epic sadface: Username is required |" name="|  |  | Epic sadface: Username is required |" time="1.05"/>
  <testcase classname="| standard_user | 2345 | Epic sadface: Username and password do not match any user in this service |" name="Given user open the website sauce demo" time="0"/>
  <testcase classname="| standard_user | 2345 | Epic sadface: Username and password do not match any user in this service |" name="When user input &quot;standard_user&quot; as userName and input &quot;2345&quot; as password" time="0"/>
  <testcase classname="| standard_user | 2345 | Epic sadface: Username and password do not match any user in this service |" name="Then user will get &quot;Epic sadface: Username and password do not match any user in this service&quot; as errorText" time="0"/>
  <testcase classname="| standard_user | 2345 | Epic sadface: Username and password do not match any user in this service |" name="| standard_user | 2345 | Epic sadface: Username and password do not match any user in this service |" time="1.045"/>
</testsuite>